#
# A fatal error has been detected by the Java Runtime Environment:
#
#  Internal Error (javaClasses.cpp:129), pid=84, tid=4896
#  fatal error: Invalid layout of preloaded class
#
# JRE version: 7.0_17-b02
# Java VM: Java HotSpot(TM) Client VM (23.7-b01 mixed mode windows-x86 )
# Failed to write core dump. Minidumps are not enabled by default on client versions of Windows
#
# If you would like to submit a bug report, please visit:
#   http://bugreport.sun.com/bugreport/crash.jsp
#

---------------  T H R E A D  ---------------

Current thread (0x0093ac00):  JavaThread "Unknown thread" [_thread_in_vm, id=4896, stack(0x00460000,0x004b0000)]

Stack: [0x00460000,0x004b0000],  sp=0x004af774,  free space=317k
Native frames: (J=compiled Java code, j=interpreted, Vv=VM code, C=native code)
V  [jvm.dll+0x16f261]
V  [jvm.dll+0x1693d6]
V  [jvm.dll+0x2079f]
V  [jvm.dll+0x20826]
V  [jvm.dll+0x2e5bd]
V  [jvm.dll+0x2e869]
V  [jvm.dll+0x77ba1]
V  [jvm.dll+0x77f5b]
V  [jvm.dll+0x1290e1]
V  [jvm.dll+0x149b3a]
V  [jvm.dll+0xa98df]
C  [javaw.exe+0x13ca]
C  [javaw.exe+0x1e3c]
C  [javaw.exe+0xa5a1]
C  [javaw.exe+0xa62b]
C  [KERNEL32.DLL+0x28543]  BaseThreadInitThunk+0xe
C  [ntdll.dll+0x5ac69]  RtlInitializeExceptionChain+0x85
C  [ntdll.dll+0x5ac3c]  RtlInitializeExceptionChain+0x58


---------------  P R O C E S S  ---------------

Java Threads: ( => current thread )

Other Threads:

=>0x0093ac00 (exited) JavaThread "Unknown thread" [_thread_in_vm, id=4896, stack(0x00460000,0x004b0000)]

VM state:not at safepoint (not fully initialized)

VM Mutex/Monitor currently owned by a thread: None

GC Heap History (0 events):
No events

Deoptimization events (0 events):
No events

Internal exceptions (0 events):
No events

Events (10 events):
Event: 0.006 loading class 0x00c744f8 done
Event: 0.006 loading class 0x00c55338 done
Event: 0.006 loading class 0x00c556f8
Event: 0.006 loading class 0x00c76e48
Event: 0.006 loading class 0x00c76e48 done
Event: 0.006 loading class 0x00c76d68
Event: 0.006 loading class 0x00c76d68 done
Event: 0.006 loading class 0x00cc54c8
Event: 0.006 loading class 0x00cc54c8 done
Event: 0.006 loading class 0x00c556f8 done


Dynamic libraries:
0x00f90000 - 0x00fbf000 	C:\Program Files (x86)\Java\jre7\bin\javaw.exe
0x77e80000 - 0x77fd7000 	C:\Windows\SYSTEM32\ntdll.dll
0x75680000 - 0x757b0000 	C:\Windows\SYSTEM32\KERNEL32.DLL
0x76170000 - 0x76216000 	C:\Windows\SYSTEM32\KERNELBASE.dll
0x77600000 - 0x776ae000 	C:\Windows\SYSTEM32\ADVAPI32.dll
0x75b50000 - 0x75c66000 	C:\Windows\SYSTEM32\USER32.dll
0x750d0000 - 0x752c7000 	C:\Windows\WinSxS\x86_microsoft.windows.common-controls_6595b64144ccf1df_6.0.9200.16384_none_893961408605e985\COMCTL32.dll
0x755c0000 - 0x75671000 	C:\Windows\SYSTEM32\msvcrt.dll
0x764a0000 - 0x764d4000 	C:\Windows\SYSTEM32\sechost.dll
0x762b0000 - 0x7635c000 	C:\Windows\SYSTEM32\RPCRT4.dll
0x77880000 - 0x7797d000 	C:\Windows\SYSTEM32\GDI32.dll
0x75520000 - 0x7553c000 	C:\Windows\SYSTEM32\SspiCli.dll
0x75510000 - 0x75519000 	C:\Windows\SYSTEM32\CRYPTBASE.dll
0x754b0000 - 0x75501000 	C:\Windows\SYSTEM32\bcryptPrimitives.dll
0x75e80000 - 0x75ea0000 	C:\Windows\system32\IMM32.DLL
0x75da0000 - 0x75e7c000 	C:\Windows\SYSTEM32\MSCTF.dll
0x75470000 - 0x754a5000 	C:\Windows\SYSTEM32\nvinit.dll
0x6f2f0000 - 0x6f3ae000 	C:\Program Files (x86)\Java\jre7\bin\msvcr100.dll
0x71930000 - 0x71c7c000 	C:\Program Files (x86)\Java\jre7\bin\client\jvm.dll
0x73f40000 - 0x73f48000 	C:\Windows\SYSTEM32\WSOCK32.dll
0x74200000 - 0x74221000 	C:\Windows\SYSTEM32\WINMM.dll
0x75c70000 - 0x75c76000 	C:\Windows\SYSTEM32\PSAPI.DLL
0x77d20000 - 0x77d70000 	C:\Windows\SYSTEM32\WS2_32.dll
0x73f50000 - 0x73f7a000 	C:\Windows\SYSTEM32\WINMMBASE.dll
0x75b40000 - 0x75b48000 	C:\Windows\SYSTEM32\NSI.dll
0x71fe0000 - 0x71fec000 	C:\Program Files (x86)\Java\jre7\bin\verify.dll
0x71fc0000 - 0x71fe0000 	C:\Program Files (x86)\Java\jre7\bin\java.dll
0x71fa0000 - 0x71fb3000 	C:\Program Files (x86)\Java\jre7\bin\zip.dll
0x74cb0000 - 0x74dd9000 	C:\Windows\SYSTEM32\dbghelp.dll

VM Arguments:
jvm_args: -Dfile.encoding=Cp1252 -Xbootclasspath:C:\Users\DaveScof\Documents\Software\Engineering Stuff\Software Development\Java\Android apps\adt-bundle-windows-x86-20131030\adt-bundle-windows-x86-20131030\sdk\platforms\android-19\android.jar 
java_command: com.zeila.googleelite.MainClass
Launcher Type: SUN_STANDARD

Environment Variables:
PATH=C:/Program Files (x86)/Java/jre7/bin/client;C:/Program Files (x86)/Java/jre7/bin;C:/Program Files (x86)/Java/jre7/lib/i386;C:\Program Files (x86)\NVIDIA Corporation\PhysX\Common;C:\Windows\system32;C:\Windows;C:\Windows\System32\Wbem;C:\Windows\System32\WindowsPowerShell\v1.0\;C:\Program Files (x86)\Intel\OpenCL SDK\3.0\bin\x86;C:\Program Files (x86)\Intel\OpenCL SDK\3.0\bin\x64;C:\Program Files\Microsoft\Web Platform Installer\;C:\Program Files (x86)\Microsoft ASP.NET\ASP.NET Web Pages\v1.0\;C:\Program Files (x86)\Windows Kits\8.0\Windows Performance Toolkit\;C:\Program Files\Microsoft SQL Server\110\Tools\Binn\;C:\Users\DaveScof\Documents\Software\Engineering Stuff\Software Development\Java\Android apps\adt-bundle-windows-x86-20131030\adt-bundle-windows-x86-20131030\eclipse;
USERNAME=DaveScof
OS=Windows_NT
PROCESSOR_IDENTIFIER=Intel64 Family 6 Model 60 Stepping 3, GenuineIntel



---------------  S Y S T E M  ---------------

OS: Windows 8 , 64 bit Build 9200 

CPU:total 8 (4 cores per cpu, 2 threads per core) family 6 model 60 stepping 3, cmov, cx8, fxsr, mmx, sse, sse2, sse3, ssse3, sse4.1, sse4.2, popcnt, avx, avx2, ht, tsc, tscinvbit

Memory: 4k page, physical 8134932k(4990292k free), swap 9380116k(5301584k free)

vm_info: Java HotSpot(TM) Client VM (23.7-b01) for windows-x86 JRE (1.7.0_17-b02), built on Mar  1 2013 05:04:36 by "java_re" with unknown MS VC++:1600

time: Tue Oct 21 21:47:43 2014
elapsed time: 0 seconds

